<?xml version="1.0" encoding="UTF-8"?>
<!-- Generated by org.testng.reporters.JUnitReportReporter -->
<testsuite skipped="0" hostname="LAPTOP-8PIQVS4A" name="com.myproject.qa.testcases.LoginPageTest" tests="2" failures="0" timestamp="2019-12-05T14:02:43 CET" time="27.647" errors="0">
  <testcase name="loginPageTitleTest" time="14.866" classname="com.myproject.qa.testcases.LoginPageTest"/>
  <testcase name="loginTest" time="12.781" classname="com.myproject.qa.testcases.LoginPageTest"/>
</testsuite> <!-- com.myproject.qa.testcases.LoginPageTest -->
