<?xml version="1.0" encoding="UTF-8"?>
<!-- Generated by org.testng.reporters.JUnitReportReporter -->
<testsuite skipped="0" hostname="LAPTOP-8PIQVS4A" name="com.myproject.qa.testcases.HomePageTest" tests="1" failures="0" timestamp="2019-12-05T14:02:43 CET" time="16.201" errors="0">
  <testcase name="verifyClickOnNotebook" time="16.201" classname="com.myproject.qa.testcases.HomePageTest"/>
</testsuite> <!-- com.myproject.qa.testcases.HomePageTest -->
